<?xml version="1.0" encoding="UTF-8"?>
<testsuite name="Suite 1"
           tests="1"
           failures="1"
           errors="0"
           skipped="0"
           time="2,413">
  <properties />
            <testcase name="testAccordionsLinks" time="2,413" classname="com.w2a.testcases.test_Accordions">
                <failure type="java.lang.AssertionError"
                  message="expected [This is an accordion itemss.] but found [This is an accordion item.]"
              >
<![CDATA[java.lang.AssertionError: expected [This is an accordion itemss.] but found [This is an accordion item.]
  org.testng.Assert.fail(Assert.java:110)
  org.testng.Assert.failNotEquals(Assert.java:1413)
  org.testng.Assert.assertEqualsImpl(Assert.java:149)
  org.testng.Assert.assertEquals(Assert.java:131)
  org.testng.Assert.assertEquals(Assert.java:655)
  org.testng.Assert.assertEquals(Assert.java:665)
  com.w2a.testcases.test_Accordions.testAccordionsLinks(test_Accordions.java:31)
  java.base/jdk.internal.reflect.DirectMethodHandleAccessor.invoke(DirectMethodHandleAccessor.java:103)
  java.base/java.lang.reflect.Method.invoke(Method.java:580)
  org.testng.internal.invokers.MethodInvocationHelper.invokeMethod(MethodInvocationHelper.java:135)
  org.testng.internal.invokers.TestInvoker.invokeMethod(TestInvoker.java:673)
  org.testng.internal.invokers.TestInvoker.invokeTestMethod(TestInvoker.java:220)
  org.testng.internal.invokers.MethodRunner.runInSequence(MethodRunner.java:50)
  org.testng.internal.invokers.TestInvoker$MethodInvocationAgent.invoke(TestInvoker.java:945)
  org.testng.internal.invokers.TestInvoker.invokeTestMethods(TestInvoker.java:193)
  org.testng.internal.invokers.TestMethodWorker.invokeTestMethods(TestMethodWorker.java:146)
  org.testng.internal.invokers.TestMethodWorker.run(TestMethodWorker.java:128)
  java.base/java.util.ArrayList.forEach(ArrayList.java:1596)
  org.testng.TestRunner.privateRun(TestRunner.java:808)
  org.testng.TestRunner.run(TestRunner.java:603)
  org.testng.SuiteRunner.runTest(SuiteRunner.java:429)
  org.testng.SuiteRunner.runSequentially(SuiteRunner.java:423)
  org.testng.SuiteRunner.privateRun(SuiteRunner.java:383)
  org.testng.SuiteRunner.run(SuiteRunner.java:326)
  org.testng.SuiteRunnerWorker.runSuite(SuiteRunnerWorker.java:52)
  org.testng.SuiteRunnerWorker.run(SuiteRunnerWorker.java:95)
  org.testng.TestNG.runSuitesSequentially(TestNG.java:1249)
  org.testng.TestNG.runSuitesLocally(TestNG.java:1169)
  org.testng.TestNG.runSuites(TestNG.java:1092)
  org.testng.TestNG.run(TestNG.java:1060)
  com.intellij.rt.testng.IDEARemoteTestNG.run(IDEARemoteTestNG.java:65)
  com.intellij.rt.testng.RemoteTestNGStarter.main(RemoteTestNGStarter.java:105)
]]>
      </failure>

          </testcase>
  
  
  
</testsuite>
